<?xml version="1.0" encoding="UTF-8"?>
<testsuite name="com.adventure.MT2" tests="2" skipped="0" failures="0" errors="0" timestamp="2022-10-04T15:19:01" hostname="DESKTOP-KHL4HJ1" time="0.047">
  <properties/>
  <testcase name="canOpenDoor()" classname="com.adventure.MT2" time="0.044"/>
  <testcase name="setName()" classname="com.adventure.MT2" time="0.002"/>
  <system-out><![CDATA[]]></system-out>
  <system-err><![CDATA[]]></system-err>
</testsuite>
