<?xml version="1.0" encoding="UTF-8"?>
<testsuite name="com.adventure.MT3" tests="10" skipped="0" failures="0" errors="0" timestamp="2022-10-04T03:51:29" hostname="DESKTOP-KHL4HJ1" time="0.767">
  <properties/>
  <testcase name="testPlayerMovementInvalid()" classname="com.adventure.MT3" time="0.044"/>
  <testcase name="testPlayerMovementEast()" classname="com.adventure.MT3" time="0.003"/>
  <testcase name="testPlayerMovementWest()" classname="com.adventure.MT3" time="0.001"/>
  <testcase name="testInvalidMoveInput()" classname="com.adventure.MT3" time="0.692"/>
  <testcase name="testPrompt2()" classname="com.adventure.MT3" time="0.004"/>
  <testcase name="checkMoveInputEast()" classname="com.adventure.MT3" time="0.002"/>
  <testcase name="checkMoveInputWest()" classname="com.adventure.MT3" time="0.002"/>
  <testcase name="testUseInput()" classname="com.adventure.MT3" time="0.009"/>
  <testcase name="checkSimpleInput()" classname="com.adventure.MT3" time="0.001"/>
  <testcase name="testPrompt()" classname="com.adventure.MT3" time="0.001"/>
  <system-out><![CDATA[]]></system-out>
  <system-err><![CDATA[]]></system-err>
</testsuite>
